<?xml version="1.0" encoding="UTF-8"?>
<testng-results ignored="0" total="1" passed="1" failed="0" skipped="0">
  <reporter-output>
  </reporter-output>
  <suite started-at="2023-03-09T17:29:23 IST" name="Default suite" finished-at="2023-03-09T17:29:23 IST" duration-ms="228">
    <groups>
    </groups>
    <test started-at="2023-03-09T17:29:23 IST" name="Default test" finished-at="2023-03-09T17:29:23 IST" duration-ms="228">
      <class name="Practice.Sample">
        <test-method signature="m1()[pri:0, instance:Practice.Sample@4efc180e]" started-at="2023-03-09T17:29:23 IST" name="m1" finished-at="2023-03-09T17:29:23 IST" duration-ms="82" status="PASS">
          <reporter-output>
          </reporter-output>
        </test-method> <!-- m1 -->
      </class> <!-- Practice.Sample -->
    </test> <!-- Default test -->
  </suite> <!-- Default suite -->
</testng-results>
